<?xml version="1.0" encoding="UTF-8"?>
<!-- Generated by org.testng.reporters.JUnitReportReporter -->
<testsuite hostname="Mandas-MacBook-Air.local" failures="0" tests="10" name="SeleniumPrograms.TestNG_AnnotationsExample2" time="0.056" errors="0" timestamp="2024-06-01T17:43:55 IST" skipped="0">
  <testcase classname="SeleniumPrograms.TestNG_AnnotationsExample2" name="AA" time="0.007"/>
  <system-out/>
  <testcase classname="SeleniumPrograms.TestNG_AnnotationsExample2" name="AB" time="0.005"/>
  <system-out/>
  <testcase classname="SeleniumPrograms.TestNG_AnnotationsExample2" name="AC" time="0.008"/>
  <system-out/>
  <testcase classname="SeleniumPrograms.TestNG_AnnotationsExample2" name="AC" time="0.003"/>
  <system-out/>
  <testcase classname="SeleniumPrograms.TestNG_AnnotationsExample2" name="AC" time="0.008"/>
  <system-out/>
  <testcase classname="SeleniumPrograms.TestNG_AnnotationsExample2" name="AA" time="0.004"/>
  <system-out/>
  <testcase classname="SeleniumPrograms.TestNG_AnnotationsExample2" name="AA" time="0.004"/>
  <system-out/>
  <testcase classname="SeleniumPrograms.TestNG_AnnotationsExample2" name="AB" time="0.002"/>
  <system-out/>
  <testcase classname="SeleniumPrograms.TestNG_AnnotationsExample2" name="AC" time="0.004"/>
  <system-out/>
  <testcase classname="SeleniumPrograms.TestNG_AnnotationsExample2" name="AC" time="0.011"/>
  <system-out/>
</testsuite> <!-- SeleniumPrograms.TestNG_AnnotationsExample2 -->
