<?xml version="1.0" encoding="UTF-8"?>
<!-- Generated by org.testng.reporters.JUnitReportReporter -->
<testsuite hostname="Mandas-Air.bbrouter" failures="0" tests="1" name="SeleniumPrograms.takeSceenshot" time="16.366" errors="0" timestamp="2024-06-23T11:23:53 IST" skipped="0">
  <testcase classname="SeleniumPrograms.takeSceenshot" name="verifyWindows" time="16.366"/>
  <system-out/>
</testsuite> <!-- SeleniumPrograms.takeSceenshot -->
