<?xml version="1.0" encoding="UTF-8"?>
<!-- Generated by org.testng.reporters.JUnitReportReporter -->
<testsuite hostname="Mandas-MacBook-Air.local" failures="0" tests="10" name="testNGPrograms.TestNG_AnnotationsExample2" time="0.023" errors="0" timestamp="2024-06-01T18:26:58 IST" skipped="0">
  <testcase classname="testNGPrograms.TestNG_AnnotationsExample2" name="AC" time="0.003"/>
  <system-out/>
  <testcase classname="testNGPrograms.TestNG_AnnotationsExample2" name="AC" time="0.003"/>
  <system-out/>
  <testcase classname="testNGPrograms.TestNG_AnnotationsExample2" name="AA" time="0.001"/>
  <system-out/>
  <testcase classname="testNGPrograms.TestNG_AnnotationsExample2" name="AC" time="0.002"/>
  <system-out/>
  <testcase classname="testNGPrograms.TestNG_AnnotationsExample2" name="AA" time="0.001"/>
  <system-out/>
  <testcase classname="testNGPrograms.TestNG_AnnotationsExample2" name="AB" time="0.001"/>
  <system-out/>
  <testcase classname="testNGPrograms.TestNG_AnnotationsExample2" name="AA" time="0.003"/>
  <system-out/>
  <testcase classname="testNGPrograms.TestNG_AnnotationsExample2" name="AB" time="0.003"/>
  <system-out/>
  <testcase classname="testNGPrograms.TestNG_AnnotationsExample2" name="AC" time="0.003"/>
  <system-out/>
  <testcase classname="testNGPrograms.TestNG_AnnotationsExample2" name="AC" time="0.003"/>
  <system-out/>
</testsuite> <!-- testNGPrograms.TestNG_AnnotationsExample2 -->
