<?xml version="1.0" encoding="UTF-8"?>
<!-- Generated by org.testng.reporters.JUnitReportReporter -->
<testsuite hostname="Mandas-MacBook-Air.local" failures="0" tests="1" name="SeleniumPrograms.HandllingBrowserWindows" time="66.688" errors="0" timestamp="2024-06-28T09:35:41 IST" skipped="0">
  <testcase classname="SeleniumPrograms.HandllingBrowserWindows" name="verifyWindows" time="66.688"/>
  <system-out/>
</testsuite> <!-- SeleniumPrograms.HandllingBrowserWindows -->
