<?xml version="1.0" encoding="UTF-8"?>
<!-- Generated by org.testng.reporters.JUnitReportReporter -->
<testsuite hostname="Mandas-MacBook-Air.local" failures="0" tests="5" name="testScripts.TC_02_VerifyDemoFunctionality" time="5.839" errors="0" timestamp="2024-07-05T09:49:26 IST" skipped="4">
  <testcase classname="testScripts.TC_02_VerifyDemoFunctionality" name="TC_01_verifyPageTitle" time="5.839"/>
  <system-out/>
  <testcase classname="testScripts.TC_02_VerifyDemoFunctionality" name="TC_03_verifyPageHeader">
    <skipped/>
  </testcase> <!-- TC_03_verifyPageHeader -->
  <system-out/>
  <testcase classname="testScripts.TC_02_VerifyDemoFunctionality" name="TC_02_verifySIgnup">
    <skipped/>
  </testcase> <!-- TC_02_verifySIgnup -->
  <system-out/>
  <testcase classname="testScripts.TC_02_VerifyDemoFunctionality" name="TC_05_VerifyDemoFormFilling">
    <skipped/>
  </testcase> <!-- TC_05_VerifyDemoFormFilling -->
  <system-out/>
  <testcase classname="testScripts.TC_02_VerifyDemoFunctionality" name="TC_04_verifyDemoButtonClickedandDemoPageOpened">
    <skipped/>
  </testcase> <!-- TC_04_verifyDemoButtonClickedandDemoPageOpened -->
  <system-out/>
</testsuite> <!-- testScripts.TC_02_VerifyDemoFunctionality -->
