<?xml version="1.0" encoding="UTF-8"?>
<!-- Generated by org.testng.reporters.JUnitReportReporter -->
<testsuite hostname="Mandas-MacBook-Air.local" failures="0" tests="1" name="testNGPrograms.tesngParametersExample" time="46.304" errors="0" timestamp="2024-06-16T14:49:30 IST" skipped="0">
  <testcase classname="testNGPrograms.tesngParametersExample" name="verifyLogin" time="46.304"/>
  <system-out/>
</testsuite> <!-- testNGPrograms.tesngParametersExample -->
