<?xml version="1.0" encoding="UTF-8"?>
<!-- Generated by org.testng.reporters.JUnitReportReporter -->
<testsuite hostname="Mandas-MacBook-Air.local" failures="0" tests="1" name="SeleniumPrograms.TestNG_AnnotationsExample" time="0.008" errors="0" timestamp="2024-05-31T09:44:44 IST" skipped="0">
  <testcase classname="SeleniumPrograms.TestNG_AnnotationsExample" name="TC_04" time="0.008"/>
  <system-out/>
</testsuite> <!-- SeleniumPrograms.TestNG_AnnotationsExample -->
