<?xml version="1.0" encoding="UTF-8"?>
<!-- Generated by org.testng.reporters.JUnitReportReporter -->
<testsuite hostname="Mandas-Air.bbrouter" failures="0" tests="1" name="SeleniumPrograms.VerifyFB_LoginFunctionality" time="47.758" errors="0" timestamp="2024-06-23T09:26:55 IST" skipped="0">
  <testcase classname="SeleniumPrograms.VerifyFB_LoginFunctionality" name="FB_Login" time="47.758"/>
  <system-out/>
</testsuite> <!-- SeleniumPrograms.VerifyFB_LoginFunctionality -->
