<?xml version="1.0" encoding="UTF-8"?>
<!-- Generated by org.testng.reporters.JUnitReportReporter -->
<testsuite hostname="Mandas-MacBook-Air.local" failures="0" tests="6" name="SeleniumPrograms.TestNG_GroupsEx" time="0.026" errors="0" timestamp="2024-06-02T16:13:46 IST" skipped="0">
  <testcase classname="SeleniumPrograms.TestNG_GroupsEx" name="DeleteCookies" time="0.007"/>
  <system-out/>
  <testcase classname="SeleniumPrograms.TestNG_GroupsEx" name="AddNewAddress" time="0.009"/>
  <system-out/>
  <testcase classname="SeleniumPrograms.TestNG_GroupsEx" name="ProductsAddToCart" time="0.002"/>
  <system-out/>
  <testcase classname="SeleniumPrograms.TestNG_GroupsEx" name="LaunchURLBrowser" time="0.004"/>
  <system-out/>
  <testcase classname="SeleniumPrograms.TestNG_GroupsEx" name="Login" time="0.002"/>
  <system-out/>
  <testcase classname="SeleniumPrograms.TestNG_GroupsEx" name="ReciptOrderPayments" time="0.002"/>
  <system-out/>
</testsuite> <!-- SeleniumPrograms.TestNG_GroupsEx -->
