<?xml version="1.0" encoding="UTF-8"?>
<!-- Generated by org.testng.reporters.JUnitReportReporter -->
<testsuite hostname="Mandas-MacBook-Air.local" failures="0" tests="1" name="testNGPrograms.WorkingwithFrames" time="32.525" errors="0" timestamp="2024-06-09T11:25:54 IST" skipped="0">
  <testcase classname="testNGPrograms.WorkingwithFrames" name="verifyAccessPlanLink" time="32.525"/>
  <system-out/>
</testsuite> <!-- testNGPrograms.WorkingwithFrames -->
