<?xml version="1.0" encoding="UTF-8"?>
<!-- Generated by org.testng.reporters.JUnitReportReporter -->
<testsuite hostname="Mandas-MacBook-Air.local" failures="0" tests="3" name="SeleniumPrograms.ParallelTestExample" time="0.015" errors="0" timestamp="2024-06-02T15:50:36 IST" skipped="0">
  <testcase classname="SeleniumPrograms.ParallelTestExample" name="LaunchSafari" time="0.001"/>
  <system-out/>
  <testcase classname="SeleniumPrograms.ParallelTestExample" name="LaunchEdge" time="0.002"/>
  <system-out/>
  <testcase classname="SeleniumPrograms.ParallelTestExample" name="LaunchChrome" time="0.012"/>
  <system-out/>
</testsuite> <!-- SeleniumPrograms.ParallelTestExample -->
