<?xml version="1.0" encoding="UTF-8"?>
<!-- Generated by org.testng.reporters.JUnitReportReporter -->
<testsuite hostname="Mandas-MacBook-Air.local" failures="0" tests="6" name="testNGPrograms.TestNG_Example4" time="0.025" errors="0" timestamp="2024-06-01T18:26:58 IST" skipped="0">
  <testcase classname="testNGPrograms.TestNG_Example4" name="DeleteCookies" time="0.004"/>
  <system-out/>
  <testcase classname="testNGPrograms.TestNG_Example4" name="ProductsAddToCart" time="0.005"/>
  <system-out/>
  <testcase classname="testNGPrograms.TestNG_Example4" name="Login" time="0.004"/>
  <system-out/>
  <testcase classname="testNGPrograms.TestNG_Example4" name="LaunchURLBrowser" time="0.007"/>
  <system-out/>
  <testcase classname="testNGPrograms.TestNG_Example4" name="AddNewAddress" time="0.002"/>
  <system-out/>
  <testcase classname="testNGPrograms.TestNG_Example4" name="ReciptOrderPayments" time="0.003"/>
  <system-out/>
</testsuite> <!-- testNGPrograms.TestNG_Example4 -->
