<?xml version="1.0" encoding="UTF-8"?>
<!-- Generated by org.testng.reporters.JUnitReportReporter -->
<testsuite hostname="Mandas-MacBook-Air.local" failures="0" tests="4" name="testNGPrograms.TestNG_AnnotationsExample" time="0.021" errors="0" timestamp="2024-06-01T18:26:58 IST" skipped="0">
  <testcase classname="testNGPrograms.TestNG_AnnotationsExample" name="TC_03" time="0.003"/>
  <system-out/>
  <testcase classname="testNGPrograms.TestNG_AnnotationsExample" name="TC_02" time="0.004"/>
  <system-out/>
  <testcase classname="testNGPrograms.TestNG_AnnotationsExample" name="TC_04" time="0.001"/>
  <system-out/>
  <testcase classname="testNGPrograms.TestNG_AnnotationsExample" name="TC_01" time="0.013"/>
  <system-out/>
</testsuite> <!-- testNGPrograms.TestNG_AnnotationsExample -->
