<?xml version="1.0" encoding="UTF-8"?>
<!-- Generated by org.testng.reporters.JUnitReportReporter -->
<testsuite hostname="Mandas-MacBook-Air.local" failures="0" tests="2" name="testScripts.TC_01_VerifySignup_Functionality" time="91.107" errors="0" timestamp="2024-06-30T09:57:18 IST" skipped="0">
  <testcase classname="testScripts.TC_01_VerifySignup_Functionality" name="TC_02_verifySIgnup" time="85.986"/>
  <system-out/>
  <testcase classname="testScripts.TC_01_VerifySignup_Functionality" name="TC_01_verifyPageTitle" time="5.121"/>
  <system-out/>
</testsuite> <!-- testScripts.TC_01_VerifySignup_Functionality -->
