<?xml version="1.0" encoding="UTF-8"?>
<!-- Generated by org.testng.reporters.JUnitReportReporter -->
<testsuite hostname="Mandas-MacBook-Air.local" failures="0" tests="1" name="testNGPrograms.MOuseKeyboardOperations" time="18.100" errors="0" timestamp="2024-06-22T09:28:42 IST" skipped="0">
  <testcase classname="testNGPrograms.MOuseKeyboardOperations" name="verifyLogin" time="18.100"/>
  <system-out/>
</testsuite> <!-- testNGPrograms.MOuseKeyboardOperations -->
